INFO:root:Crash Recoder Tool, an Innovation Kitchen Product developed by Kittelson and Associates, Inc. (KAI)
INFO:root:Contact: Azhagan (Azy) Avr  - aavr@kittelson.com
INFO:root:2024-07-04 09:24:39.854904
INFO:root:D:\Kittelson\Scripts\Crash Recoder\Github backup\01-Output\
INFO:root:0.0s: Combining multiple files.....
INFO:root:['D:\\Kittelson\\Scripts\\Crash Recoder\\Github backup\\00-Input\\\\29019\\11 - 3rd St & Irvine St.txt', 'D:\\Kittelson\\Scripts\\Crash Recoder\\Github backup\\00-Input\\\\29019\\12 - 3rd St & Johnson St.txt', 'D:\\Kittelson\\Scripts\\Crash Recoder\\Github backup\\00-Input\\\\29019\\3rd Street_2017-2021.txt', 'D:\\Kittelson\\Scripts\\Crash Recoder\\Github backup\\00-Input\\\\29019\\4 - 3rd St & Adams St.txt', 'D:\\Kittelson\\Scripts\\Crash Recoder\\Github backup\\00-Input\\\\29019\\5 - 3rd St & Baker St.txt', 'D:\\Kittelson\\Scripts\\Crash Recoder\\Github backup\\00-Input\\\\29019\\6 - 3rd St & Cowls St.txt', 'D:\\Kittelson\\Scripts\\Crash Recoder\\Github backup\\00-Input\\\\29019\\8 - 3rd St & Evans St.txt', 'D:\\Kittelson\\Scripts\\Crash Recoder\\Github backup\\00-Input\\\\29019\\9 - 3rd St & Ford St.txt', 'D:\\Kittelson\\Scripts\\Crash Recoder\\Github backup\\00-Input\\\\29019\\Adams St_2017-2021.txt', 'D:\\Kittelson\\Scripts\\Crash Recoder\\Github backup\\00-Input\\\\29019\\Evans St_2017-2021.txt']
INFO:root:0.12s: Importing data translation table.....
INFO:root:9.34s: Creating party level data.....
INFO:root:9.39s: Creating new variables.....
INFO:root:9.86s: Creating collision level data.....
INFO:root:10.16s: Exporting data to visualizer.....
INFO:root:There may be a duplicate in one or more Input tabs, delete the old tab(s) and rename the new one, to the same name as the old tab. However output file will be created....
INFO:root:20.36s: Recoding complete.
INFO:root:Crash Recoder Tool, an Innovation Kitchen Product developed by Kittelson and Associates, Inc. (KAI)
INFO:root:Contact: Azhagan (Azy) Avr  - aavr@kittelson.com
INFO:root:2024-07-04 09:29:12.444304
INFO:root:D:\Kittelson\Scripts\Crash Recoder\Github backup\01-Output\
INFO:root:0.0s: Combining multiple files.....
INFO:root:['D:\\Kittelson\\Scripts\\Crash Recoder\\Github backup\\00-Input\\\\29019\\11 - 3rd St & Irvine St.txt', 'D:\\Kittelson\\Scripts\\Crash Recoder\\Github backup\\00-Input\\\\29019\\12 - 3rd St & Johnson St.txt', 'D:\\Kittelson\\Scripts\\Crash Recoder\\Github backup\\00-Input\\\\29019\\3rd Street_2017-2021.txt', 'D:\\Kittelson\\Scripts\\Crash Recoder\\Github backup\\00-Input\\\\29019\\4 - 3rd St & Adams St.txt', 'D:\\Kittelson\\Scripts\\Crash Recoder\\Github backup\\00-Input\\\\29019\\5 - 3rd St & Baker St.txt', 'D:\\Kittelson\\Scripts\\Crash Recoder\\Github backup\\00-Input\\\\29019\\6 - 3rd St & Cowls St.txt', 'D:\\Kittelson\\Scripts\\Crash Recoder\\Github backup\\00-Input\\\\29019\\8 - 3rd St & Evans St.txt', 'D:\\Kittelson\\Scripts\\Crash Recoder\\Github backup\\00-Input\\\\29019\\9 - 3rd St & Ford St.txt', 'D:\\Kittelson\\Scripts\\Crash Recoder\\Github backup\\00-Input\\\\29019\\Adams St_2017-2021.txt', 'D:\\Kittelson\\Scripts\\Crash Recoder\\Github backup\\00-Input\\\\29019\\Evans St_2017-2021.txt']
INFO:root:0.02s: Importing data translation table.....
INFO:root:5.12s: Creating party level data.....
INFO:root:5.14s: Creating new variables.....
INFO:root:5.49s: Creating collision level data.....
INFO:root:5.77s: Exporting data to visualizer.....
INFO:root:There may be a duplicate in one or more Input tabs, delete the old tab(s) and rename the new one, to the same name as the old tab. However output file will be created....
INFO:root:12.85s: Recoding complete.
INFO:root:Crash Recoder Tool, an Innovation Kitchen Product developed by Kittelson and Associates, Inc. (KAI)
INFO:root:Contact: Azhagan (Azy) Avr  - aavr@kittelson.com
INFO:root:2024-07-04 09:39:37.759892
INFO:root:D:\Kittelson\Scripts\Crash Recoder\Github backup\01-Output\
INFO:root:0.0s: Combining multiple files.....
INFO:root:['D:\\Kittelson\\Scripts\\Crash Recoder\\Github backup\\00-Input\\\\29019\\11 - 3rd St & Irvine St.txt', 'D:\\Kittelson\\Scripts\\Crash Recoder\\Github backup\\00-Input\\\\29019\\12 - 3rd St & Johnson St.txt', 'D:\\Kittelson\\Scripts\\Crash Recoder\\Github backup\\00-Input\\\\29019\\3rd Street_2017-2021.txt', 'D:\\Kittelson\\Scripts\\Crash Recoder\\Github backup\\00-Input\\\\29019\\4 - 3rd St & Adams St.txt', 'D:\\Kittelson\\Scripts\\Crash Recoder\\Github backup\\00-Input\\\\29019\\5 - 3rd St & Baker St.txt', 'D:\\Kittelson\\Scripts\\Crash Recoder\\Github backup\\00-Input\\\\29019\\6 - 3rd St & Cowls St.txt', 'D:\\Kittelson\\Scripts\\Crash Recoder\\Github backup\\00-Input\\\\29019\\8 - 3rd St & Evans St.txt', 'D:\\Kittelson\\Scripts\\Crash Recoder\\Github backup\\00-Input\\\\29019\\9 - 3rd St & Ford St.txt', 'D:\\Kittelson\\Scripts\\Crash Recoder\\Github backup\\00-Input\\\\29019\\Adams St_2017-2021.txt', 'D:\\Kittelson\\Scripts\\Crash Recoder\\Github backup\\00-Input\\\\29019\\Evans St_2017-2021.txt']
INFO:root:0.1s: Importing data translation table.....
INFO:root:5.15s: Creating party level data.....
INFO:root:5.18s: Creating new variables.....
INFO:root:5.52s: Creating collision level data.....
INFO:root:5.81s: Exporting data to visualizer.....
INFO:root:There may be a duplicate in one or more Input tabs, delete the old tab(s) and rename the new one, to the same name as the old tab. However output file will be created....
INFO:root:13.34s: Recoding complete.
INFO:root:Crash Recoder Tool, an Innovation Kitchen Product developed by Kittelson and Associates, Inc. (KAI)
INFO:root:Contact: Azhagan (Azy) Avr  - aavr@kittelson.com
INFO:root:2024-07-04 14:29:41.090250
INFO:root:Crash Recoder Tool, an Innovation Kitchen Product developed by Kittelson and Associates, Inc. (KAI)
INFO:root:Contact: Azhagan (Azy) Avr  - aavr@kittelson.com
INFO:root:2024-07-04 14:35:34.256202
INFO:root:Crash Recoder Tool, an Innovation Kitchen Product developed by Kittelson and Associates, Inc. (KAI)
INFO:root:Contact: Azhagan (Azy) Avr  - aavr@kittelson.com
INFO:root:2024-07-04 14:35:52.006181
INFO:root:Crash Recoder Tool, an Innovation Kitchen Product developed by Kittelson and Associates, Inc. (KAI)
INFO:root:Contact: Azhagan (Azy) Avr  - aavr@kittelson.com
INFO:root:2024-07-04 14:36:13.682821
INFO:root:0.0s: Importing data translation table.....
INFO:root:0.16s: Creating party level data.....
ERROR:root:Length of values (0) does not match length of index (22)
INFO:root:Crash Recoder Tool, an Innovation Kitchen Product developed by Kittelson and Associates, Inc. (KAI)
INFO:root:Contact: Azhagan (Azy) Avr  - aavr@kittelson.com
INFO:root:2024-07-04 14:38:21.960829
INFO:root:Crash Recoder Tool, an Innovation Kitchen Product developed by Kittelson and Associates, Inc. (KAI)
INFO:root:Contact: Azhagan (Azy) Avr  - aavr@kittelson.com
INFO:root:2024-07-04 14:38:34.211621
INFO:root:Crash Recoder Tool, an Innovation Kitchen Product developed by Kittelson and Associates, Inc. (KAI)
INFO:root:Contact: Azhagan (Azy) Avr  - aavr@kittelson.com
INFO:root:2024-07-04 14:38:40.298845
INFO:root:Crash Recoder Tool, an Innovation Kitchen Product developed by Kittelson and Associates, Inc. (KAI)
INFO:root:Contact: Azhagan (Azy) Avr  - aavr@kittelson.com
INFO:root:2024-07-04 14:38:48.970940
INFO:root:0.0s: Importing data translation table.....
INFO:root:0.18s: Creating party level data.....
ERROR:root:Length of values (0) does not match length of index (9)
INFO:root:Crash Recoder Tool, an Innovation Kitchen Product developed by Kittelson and Associates, Inc. (KAI)
INFO:root:Contact: Azhagan (Azy) Avr  - aavr@kittelson.com
INFO:root:2024-07-04 14:40:31.035813
INFO:root:Crash Recoder Tool, an Innovation Kitchen Product developed by Kittelson and Associates, Inc. (KAI)
INFO:root:Contact: Azhagan (Azy) Avr  - aavr@kittelson.com
INFO:root:2024-07-04 14:40:42.962285
INFO:root:Crash Recoder Tool, an Innovation Kitchen Product developed by Kittelson and Associates, Inc. (KAI)
INFO:root:Contact: Azhagan (Azy) Avr  - aavr@kittelson.com
INFO:root:2024-07-04 14:40:58.482122
INFO:root:Crash Recoder Tool, an Innovation Kitchen Product developed by Kittelson and Associates, Inc. (KAI)
INFO:root:Contact: Azhagan (Azy) Avr  - aavr@kittelson.com
INFO:root:2024-07-04 14:41:06.306647
INFO:root:0.0s: Importing data translation table.....
INFO:root:0.4s: Creating party level data.....
ERROR:root:Length of values (0) does not match length of index (75)
INFO:root:Crash Recoder Tool, an Innovation Kitchen Product developed by Kittelson and Associates, Inc. (KAI)
INFO:root:Contact: Azhagan (Azy) Avr  - aavr@kittelson.com
INFO:root:2024-07-04 14:41:51.982074
INFO:root:0.0s: Importing data translation table.....
INFO:root:0.41s: Creating party level data.....
ERROR:root:Length of values (0) does not match length of index (75)
INFO:root:Crash Recoder Tool, an Innovation Kitchen Product developed by Kittelson and Associates, Inc. (KAI)
INFO:root:Contact: Azhagan (Azy) Avr  - aavr@kittelson.com
INFO:root:2024-07-04 14:42:41.305849
INFO:root:0.0s: Importing data translation table.....
INFO:root:0.42s: Creating party level data.....
ERROR:root:Length of values (0) does not match length of index (75)
INFO:root:Crash Recoder Tool, an Innovation Kitchen Product developed by Kittelson and Associates, Inc. (KAI)
INFO:root:Contact: Azhagan (Azy) Avr  - aavr@kittelson.com
INFO:root:2024-07-04 14:43:04.680905
INFO:root:0.0s: Importing data translation table.....
INFO:root:0.43s: Creating party level data.....
ERROR:root:Length of values (0) does not match length of index (75)
INFO:root:Crash Recoder Tool, an Innovation Kitchen Product developed by Kittelson and Associates, Inc. (KAI)
INFO:root:Contact: Azhagan (Azy) Avr  - aavr@kittelson.com
INFO:root:2024-07-04 14:44:13.393931
INFO:root:0.0s: Importing data translation table.....
INFO:root:0.52s: Creating party level data.....
ERROR:root:Length of values (0) does not match length of index (75)
INFO:root:Crash Recoder Tool, an Innovation Kitchen Product developed by Kittelson and Associates, Inc. (KAI)
INFO:root:Contact: Azhagan (Azy) Avr  - aavr@kittelson.com
INFO:root:2024-07-04 14:44:20.855070
INFO:root:0.0s: Importing data translation table.....
INFO:root:0.47s: Creating party level data.....
ERROR:root:Length of values (0) does not match length of index (75)
INFO:root:Crash Recoder Tool, an Innovation Kitchen Product developed by Kittelson and Associates, Inc. (KAI)
INFO:root:Contact: Azhagan (Azy) Avr  - aavr@kittelson.com
INFO:root:2024-07-04 14:44:28.574880
INFO:root:0.0s: Importing data translation table.....
INFO:root:0.48s: Creating party level data.....
ERROR:root:Length of values (0) does not match length of index (75)
INFO:root:Crash Recoder Tool, an Innovation Kitchen Product developed by Kittelson and Associates, Inc. (KAI)
INFO:root:Contact: Azhagan (Azy) Avr  - aavr@kittelson.com
INFO:root:2024-07-04 14:44:45.289295
INFO:root:0.0s: Importing data translation table.....
INFO:root:0.43s: Creating party level data.....
ERROR:root:Length of values (0) does not match length of index (75)
INFO:root:Crash Recoder Tool, an Innovation Kitchen Product developed by Kittelson and Associates, Inc. (KAI)
INFO:root:Contact: Azhagan (Azy) Avr  - aavr@kittelson.com
INFO:root:2024-07-04 14:44:54.188281
INFO:root:0.0s: Importing data translation table.....
INFO:root:0.43s: Creating party level data.....
ERROR:root:Length of values (0) does not match length of index (75)
INFO:root:Crash Recoder Tool, an Innovation Kitchen Product developed by Kittelson and Associates, Inc. (KAI)
INFO:root:Contact: Azhagan (Azy) Avr  - aavr@kittelson.com
INFO:root:2024-07-04 14:47:13.370950
INFO:root:0.0s: Importing data translation table.....
INFO:root:0.43s: Creating party level data.....
ERROR:root:Length of values (0) does not match length of index (75)
INFO:root:Crash Recoder Tool, an Innovation Kitchen Product developed by Kittelson and Associates, Inc. (KAI)
INFO:root:Contact: Azhagan (Azy) Avr  - aavr@kittelson.com
INFO:root:2024-07-04 14:47:38.637250
INFO:root:0.0s: Importing data translation table.....
INFO:root:0.49s: Creating party level data.....
ERROR:root:Length of values (0) does not match length of index (75)
INFO:root:Crash Recoder Tool, an Innovation Kitchen Product developed by Kittelson and Associates, Inc. (KAI)
INFO:root:Contact: Azhagan (Azy) Avr  - aavr@kittelson.com
INFO:root:2024-07-04 14:48:48.694541
INFO:root:0.01s: Importing data translation table.....
INFO:root:0.45s: Creating party level data.....
ERROR:root:invalid literal for int() with base 10: '  '
INFO:root:Crash Recoder Tool, an Innovation Kitchen Product developed by Kittelson and Associates, Inc. (KAI)
INFO:root:Contact: Azhagan (Azy) Avr  - aavr@kittelson.com
INFO:root:2024-07-04 14:49:12.545568
INFO:root:0.0s: Importing data translation table.....
INFO:root:0.45s: Creating party level data.....
ERROR:root:Length of values (0) does not match length of index (75)
INFO:root:Crash Recoder Tool, an Innovation Kitchen Product developed by Kittelson and Associates, Inc. (KAI)
INFO:root:Contact: Azhagan (Azy) Avr  - aavr@kittelson.com
INFO:root:2024-07-04 14:49:31.410371
INFO:root:0.0s: Importing data translation table.....
INFO:root:0.45s: Creating party level data.....
ERROR:root:Length of values (0) does not match length of index (75)
INFO:root:Crash Recoder Tool, an Innovation Kitchen Product developed by Kittelson and Associates, Inc. (KAI)
INFO:root:Contact: Azhagan (Azy) Avr  - aavr@kittelson.com
INFO:root:2024-07-04 14:49:57.580479
INFO:root:0.0s: Importing data translation table.....
INFO:root:0.5s: Creating party level data.....
ERROR:root:'str' object has no attribute 'type'
INFO:root:Crash Recoder Tool, an Innovation Kitchen Product developed by Kittelson and Associates, Inc. (KAI)
INFO:root:Contact: Azhagan (Azy) Avr  - aavr@kittelson.com
INFO:root:2024-07-04 14:50:33.817392
INFO:root:0.0s: Importing data translation table.....
INFO:root:0.41s: Creating party level data.....
ERROR:root:Length of values (0) does not match length of index (75)
INFO:root:Crash Recoder Tool, an Innovation Kitchen Product developed by Kittelson and Associates, Inc. (KAI)
INFO:root:Contact: Azhagan (Azy) Avr  - aavr@kittelson.com
INFO:root:2024-07-04 14:51:13.473329
INFO:root:0.0s: Importing data translation table.....
INFO:root:0.67s: Creating party level data.....
ERROR:root:Length of values (0) does not match length of index (75)
INFO:root:Crash Recoder Tool, an Innovation Kitchen Product developed by Kittelson and Associates, Inc. (KAI)
INFO:root:Contact: Azhagan (Azy) Avr  - aavr@kittelson.com
INFO:root:2024-07-04 14:51:34.771199
INFO:root:0.0s: Importing data translation table.....
INFO:root:0.48s: Creating party level data.....
ERROR:root:Length of values (0) does not match length of index (75)
INFO:root:Crash Recoder Tool, an Innovation Kitchen Product developed by Kittelson and Associates, Inc. (KAI)
INFO:root:Contact: Azhagan (Azy) Avr  - aavr@kittelson.com
INFO:root:2024-07-04 14:52:13.804916
INFO:root:0.0s: Importing data translation table.....
INFO:root:0.42s: Creating party level data.....
ERROR:root:Length of values (0) does not match length of index (75)
INFO:root:Crash Recoder Tool, an Innovation Kitchen Product developed by Kittelson and Associates, Inc. (KAI)
INFO:root:Contact: Azhagan (Azy) Avr  - aavr@kittelson.com
INFO:root:2024-07-04 14:52:27.114146
INFO:root:0.0s: Importing data translation table.....
INFO:root:0.41s: Creating party level data.....
ERROR:root:Length of values (0) does not match length of index (75)
INFO:root:Crash Recoder Tool, an Innovation Kitchen Product developed by Kittelson and Associates, Inc. (KAI)
INFO:root:Contact: Azhagan (Azy) Avr  - aavr@kittelson.com
INFO:root:2024-07-04 14:54:32.359690
INFO:root:0.0s: Importing data translation table.....
INFO:root:0.43s: Creating party level data.....
ERROR:root:Length of values (0) does not match length of index (75)
INFO:root:Crash Recoder Tool, an Innovation Kitchen Product developed by Kittelson and Associates, Inc. (KAI)
INFO:root:Contact: Azhagan (Azy) Avr  - aavr@kittelson.com
INFO:root:2024-07-04 14:54:53.748078
INFO:root:0.0s: Importing data translation table.....
INFO:root:0.43s: Creating party level data.....
ERROR:root:Length of values (0) does not match length of index (75)
INFO:root:Crash Recoder Tool, an Innovation Kitchen Product developed by Kittelson and Associates, Inc. (KAI)
INFO:root:Contact: Azhagan (Azy) Avr  - aavr@kittelson.com
INFO:root:2024-07-04 14:57:49.841026
INFO:root:0.0s: Importing data translation table.....
INFO:root:0.56s: Creating party level data.....
ERROR:root:Length of values (15) does not match length of index (75)
INFO:root:Crash Recoder Tool, an Innovation Kitchen Product developed by Kittelson and Associates, Inc. (KAI)
INFO:root:Contact: Azhagan (Azy) Avr  - aavr@kittelson.com
INFO:root:2024-07-04 14:58:09.288595
INFO:root:0.0s: Importing data translation table.....
INFO:root:0.4s: Creating party level data.....
ERROR:root:Length of values (15) does not match length of index (75)
INFO:root:Crash Recoder Tool, an Innovation Kitchen Product developed by Kittelson and Associates, Inc. (KAI)
INFO:root:Contact: Azhagan (Azy) Avr  - aavr@kittelson.com
INFO:root:2024-07-04 14:58:46.371251
INFO:root:0.0s: Importing data translation table.....
INFO:root:0.44s: Creating party level data.....
ERROR:root:invalid literal for int() with base 10: '  '
INFO:root:Crash Recoder Tool, an Innovation Kitchen Product developed by Kittelson and Associates, Inc. (KAI)
INFO:root:Contact: Azhagan (Azy) Avr  - aavr@kittelson.com
INFO:root:2024-07-04 14:59:22.824735
INFO:root:0.0s: Importing data translation table.....
INFO:root:0.44s: Creating party level data.....
ERROR:root:invalid literal for int() with base 10: '  '
INFO:root:Crash Recoder Tool, an Innovation Kitchen Product developed by Kittelson and Associates, Inc. (KAI)
INFO:root:Contact: Azhagan (Azy) Avr  - aavr@kittelson.com
INFO:root:2024-07-04 14:59:56.830494
INFO:root:0.0s: Importing data translation table.....
INFO:root:0.42s: Creating party level data.....
ERROR:root:invalid literal for int() with base 10: '  '
INFO:root:Crash Recoder Tool, an Innovation Kitchen Product developed by Kittelson and Associates, Inc. (KAI)
INFO:root:Contact: Azhagan (Azy) Avr  - aavr@kittelson.com
INFO:root:2024-07-04 15:00:24.780018
INFO:root:0.0s: Importing data translation table.....
INFO:root:0.42s: Creating party level data.....
ERROR:root:invalid literal for int() with base 10: '  '
INFO:root:Crash Recoder Tool, an Innovation Kitchen Product developed by Kittelson and Associates, Inc. (KAI)
INFO:root:Contact: Azhagan (Azy) Avr  - aavr@kittelson.com
INFO:root:2024-07-04 15:00:54.958132
INFO:root:0.0s: Importing data translation table.....
INFO:root:0.48s: Creating party level data.....
ERROR:root:invalid literal for int() with base 10: '  '
INFO:root:Crash Recoder Tool, an Innovation Kitchen Product developed by Kittelson and Associates, Inc. (KAI)
INFO:root:Contact: Azhagan (Azy) Avr  - aavr@kittelson.com
INFO:root:2024-07-04 15:02:10.805993
INFO:root:0.0s: Importing data translation table.....
INFO:root:0.4s: Creating party level data.....
ERROR:root:can only concatenate str (not "float") to str
INFO:root:Crash Recoder Tool, an Innovation Kitchen Product developed by Kittelson and Associates, Inc. (KAI)
INFO:root:Contact: Azhagan (Azy) Avr  - aavr@kittelson.com
INFO:root:2024-07-04 15:02:24.480138
INFO:root:0.0s: Importing data translation table.....
INFO:root:0.43s: Creating party level data.....
ERROR:root:invalid literal for int() with base 10: '  '
INFO:root:Crash Recoder Tool, an Innovation Kitchen Product developed by Kittelson and Associates, Inc. (KAI)
INFO:root:Contact: Azhagan (Azy) Avr  - aavr@kittelson.com
INFO:root:2024-07-04 15:02:48.486746
INFO:root:0.0s: Importing data translation table.....
INFO:root:0.41s: Creating party level data.....
INFO:root:0.5s: Creating new variables.....
ERROR:root:'>=' not supported between instances of 'str' and 'int'
INFO:root:Crash Recoder Tool, an Innovation Kitchen Product developed by Kittelson and Associates, Inc. (KAI)
INFO:root:Contact: Azhagan (Azy) Avr  - aavr@kittelson.com
INFO:root:2024-07-04 15:03:38.814336
INFO:root:0.0s: Importing data translation table.....
INFO:root:0.47s: Creating party level data.....
INFO:root:0.51s: Creating new variables.....
ERROR:root:'>=' not supported between instances of 'str' and 'int'
INFO:root:Crash Recoder Tool, an Innovation Kitchen Product developed by Kittelson and Associates, Inc. (KAI)
INFO:root:Contact: Azhagan (Azy) Avr  - aavr@kittelson.com
INFO:root:2024-07-04 15:03:53.523947
INFO:root:0.0s: Importing data translation table.....
INFO:root:0.43s: Creating party level data.....
INFO:root:0.47s: Creating new variables.....
ERROR:root:'>=' not supported between instances of 'str' and 'int'
INFO:root:Crash Recoder Tool, an Innovation Kitchen Product developed by Kittelson and Associates, Inc. (KAI)
INFO:root:Contact: Azhagan (Azy) Avr  - aavr@kittelson.com
INFO:root:2024-07-04 15:06:10.830149
INFO:root:0.0s: Importing data translation table.....
INFO:root:0.41s: Creating party level data.....
INFO:root:0.41s: Creating new variables.....
ERROR:root:'>=' not supported between instances of 'str' and 'int'
INFO:root:Crash Recoder Tool, an Innovation Kitchen Product developed by Kittelson and Associates, Inc. (KAI)
INFO:root:Contact: Azhagan (Azy) Avr  - aavr@kittelson.com
INFO:root:2024-07-04 15:12:37.390623
INFO:root:0.0s: Importing data translation table.....
INFO:root:0.41s: Creating party level data.....
ERROR:root:'Crash ID'
INFO:root:Crash Recoder Tool, an Innovation Kitchen Product developed by Kittelson and Associates, Inc. (KAI)
INFO:root:Contact: Azhagan (Azy) Avr  - aavr@kittelson.com
INFO:root:2024-07-04 15:13:01.988087
INFO:root:0.0s: Importing data translation table.....
INFO:root:0.39s: Creating party level data.....
ERROR:root:Length of values (0) does not match length of index (75)
INFO:root:Crash Recoder Tool, an Innovation Kitchen Product developed by Kittelson and Associates, Inc. (KAI)
INFO:root:Contact: Azhagan (Azy) Avr  - aavr@kittelson.com
INFO:root:2024-07-04 15:13:54.427511
INFO:root:0.0s: Importing data translation table.....
INFO:root:0.43s: Creating party level data.....
INFO:root:0.44s: Creating new variables.....
ERROR:root:'>=' not supported between instances of 'str' and 'int'
INFO:root:Crash Recoder Tool, an Innovation Kitchen Product developed by Kittelson and Associates, Inc. (KAI)
INFO:root:Contact: Azhagan (Azy) Avr  - aavr@kittelson.com
INFO:root:2024-07-04 15:14:04.159549
INFO:root:0.0s: Importing data translation table.....
INFO:root:0.51s: Creating party level data.....
INFO:root:0.56s: Creating new variables.....
ERROR:root:'>=' not supported between instances of 'str' and 'int'
INFO:root:Crash Recoder Tool, an Innovation Kitchen Product developed by Kittelson and Associates, Inc. (KAI)
INFO:root:Contact: Azhagan (Azy) Avr  - aavr@kittelson.com
INFO:root:2024-07-04 15:14:16.888014
INFO:root:0.0s: Importing data translation table.....
INFO:root:0.43s: Creating party level data.....
INFO:root:0.43s: Creating new variables.....
ERROR:root:'>=' not supported between instances of 'str' and 'int'
INFO:root:Crash Recoder Tool, an Innovation Kitchen Product developed by Kittelson and Associates, Inc. (KAI)
INFO:root:Contact: Azhagan (Azy) Avr  - aavr@kittelson.com
INFO:root:2024-07-04 15:14:22.356248
INFO:root:0.0s: Importing data translation table.....
INFO:root:0.44s: Creating party level data.....
INFO:root:0.47s: Creating new variables.....
ERROR:root:'>=' not supported between instances of 'str' and 'int'
INFO:root:Crash Recoder Tool, an Innovation Kitchen Product developed by Kittelson and Associates, Inc. (KAI)
INFO:root:Contact: Azhagan (Azy) Avr  - aavr@kittelson.com
INFO:root:2024-07-04 15:16:34.481328
INFO:root:0.0s: Importing data translation table.....
INFO:root:0.43s: Creating party level data.....
INFO:root:0.48s: Creating new variables.....
ERROR:root:'>=' not supported between instances of 'str' and 'int'
INFO:root:Crash Recoder Tool, an Innovation Kitchen Product developed by Kittelson and Associates, Inc. (KAI)
INFO:root:Contact: Azhagan (Azy) Avr  - aavr@kittelson.com
INFO:root:2024-07-04 15:18:40.038674
INFO:root:0.0s: Importing data translation table.....
INFO:root:0.42s: Creating party level data.....
INFO:root:0.46s: Creating new variables.....
ERROR:root:'>=' not supported between instances of 'str' and 'int'
INFO:root:Crash Recoder Tool, an Innovation Kitchen Product developed by Kittelson and Associates, Inc. (KAI)
INFO:root:Contact: Azhagan (Azy) Avr  - aavr@kittelson.com
INFO:root:2024-07-04 15:18:44.103501
INFO:root:0.0s: Importing data translation table.....
INFO:root:0.4s: Creating party level data.....
INFO:root:0.45s: Creating new variables.....
ERROR:root:'>=' not supported between instances of 'str' and 'int'
INFO:root:Crash Recoder Tool, an Innovation Kitchen Product developed by Kittelson and Associates, Inc. (KAI)
INFO:root:Contact: Azhagan (Azy) Avr  - aavr@kittelson.com
INFO:root:2024-07-04 15:20:10.792076
INFO:root:0.0s: Importing data translation table.....
INFO:root:0.41s: Creating party level data.....
INFO:root:0.45s: Creating new variables.....
ERROR:root:'>=' not supported between instances of 'str' and 'int'
INFO:root:Crash Recoder Tool, an Innovation Kitchen Product developed by Kittelson and Associates, Inc. (KAI)
INFO:root:Contact: Azhagan (Azy) Avr  - aavr@kittelson.com
INFO:root:2024-07-04 15:20:51.600669
INFO:root:0.0s: Importing data translation table.....
INFO:root:0.55s: Creating party level data.....
INFO:root:0.6s: Creating new variables.....
ERROR:root:'>=' not supported between instances of 'str' and 'int'
INFO:root:Crash Recoder Tool, an Innovation Kitchen Product developed by Kittelson and Associates, Inc. (KAI)
INFO:root:Contact: Azhagan (Azy) Avr  - aavr@kittelson.com
INFO:root:2024-07-04 15:21:01.080118
INFO:root:0.0s: Importing data translation table.....
INFO:root:0.41s: Creating party level data.....
INFO:root:0.45s: Creating new variables.....
ERROR:root:'>=' not supported between instances of 'str' and 'int'
INFO:root:Crash Recoder Tool, an Innovation Kitchen Product developed by Kittelson and Associates, Inc. (KAI)
INFO:root:Contact: Azhagan (Azy) Avr  - aavr@kittelson.com
INFO:root:2024-07-04 15:21:13.929230
INFO:root:0.0s: Importing data translation table.....
INFO:root:0.4s: Creating party level data.....
INFO:root:0.43s: Creating new variables.....
ERROR:root:'>=' not supported between instances of 'str' and 'int'
INFO:root:Crash Recoder Tool, an Innovation Kitchen Product developed by Kittelson and Associates, Inc. (KAI)
INFO:root:Contact: Azhagan (Azy) Avr  - aavr@kittelson.com
INFO:root:2024-07-04 15:21:23.004084
INFO:root:0.0s: Importing data translation table.....
INFO:root:0.41s: Creating party level data.....
INFO:root:0.46s: Creating new variables.....
ERROR:root:'>=' not supported between instances of 'str' and 'int'
INFO:root:Crash Recoder Tool, an Innovation Kitchen Product developed by Kittelson and Associates, Inc. (KAI)
INFO:root:Contact: Azhagan (Azy) Avr  - aavr@kittelson.com
INFO:root:2024-07-04 15:21:33.819850
INFO:root:0.0s: Importing data translation table.....
INFO:root:0.41s: Creating party level data.....
INFO:root:0.45s: Creating new variables.....
ERROR:root:'>=' not supported between instances of 'str' and 'int'
INFO:root:Crash Recoder Tool, an Innovation Kitchen Product developed by Kittelson and Associates, Inc. (KAI)
INFO:root:Contact: Azhagan (Azy) Avr  - aavr@kittelson.com
INFO:root:2024-07-04 15:22:36.064020
INFO:root:0.0s: Importing data translation table.....
INFO:root:0.44s: Creating party level data.....
INFO:root:0.47s: Creating new variables.....
ERROR:root:'>' not supported between instances of 'str' and 'int'
INFO:root:Crash Recoder Tool, an Innovation Kitchen Product developed by Kittelson and Associates, Inc. (KAI)
INFO:root:Contact: Azhagan (Azy) Avr  - aavr@kittelson.com
INFO:root:2024-07-04 15:23:57.991938
INFO:root:0.0s: Importing data translation table.....
INFO:root:0.49s: Creating party level data.....
INFO:root:0.53s: Creating new variables.....
ERROR:root:'>' not supported between instances of 'str' and 'int'
INFO:root:Crash Recoder Tool, an Innovation Kitchen Product developed by Kittelson and Associates, Inc. (KAI)
INFO:root:Contact: Azhagan (Azy) Avr  - aavr@kittelson.com
INFO:root:2024-07-04 15:24:05.253442
INFO:root:0.0s: Importing data translation table.....
INFO:root:0.44s: Creating party level data.....
INFO:root:0.48s: Creating new variables.....
ERROR:root:'>' not supported between instances of 'str' and 'int'
INFO:root:Crash Recoder Tool, an Innovation Kitchen Product developed by Kittelson and Associates, Inc. (KAI)
INFO:root:Contact: Azhagan (Azy) Avr  - aavr@kittelson.com
INFO:root:2024-07-04 15:24:15.824502
INFO:root:0.0s: Importing data translation table.....
INFO:root:0.44s: Creating party level data.....
INFO:root:0.48s: Creating new variables.....
ERROR:root:'>' not supported between instances of 'str' and 'int'
INFO:root:Crash Recoder Tool, an Innovation Kitchen Product developed by Kittelson and Associates, Inc. (KAI)
INFO:root:Contact: Azhagan (Azy) Avr  - aavr@kittelson.com
INFO:root:2024-07-04 15:24:20.592572
INFO:root:0.0s: Importing data translation table.....
INFO:root:0.45s: Creating party level data.....
INFO:root:0.49s: Creating new variables.....
ERROR:root:'>' not supported between instances of 'str' and 'int'
INFO:root:Crash Recoder Tool, an Innovation Kitchen Product developed by Kittelson and Associates, Inc. (KAI)
INFO:root:Contact: Azhagan (Azy) Avr  - aavr@kittelson.com
INFO:root:2024-07-04 15:24:28.214186
INFO:root:0.0s: Importing data translation table.....
INFO:root:0.46s: Creating party level data.....
INFO:root:0.51s: Creating new variables.....
ERROR:root:'>' not supported between instances of 'str' and 'int'
INFO:root:Crash Recoder Tool, an Innovation Kitchen Product developed by Kittelson and Associates, Inc. (KAI)
INFO:root:Contact: Azhagan (Azy) Avr  - aavr@kittelson.com
INFO:root:2024-07-04 15:25:09.390216
INFO:root:0.0s: Importing data translation table.....
INFO:root:0.45s: Creating party level data.....
INFO:root:0.49s: Creating new variables.....
ERROR:root:'>' not supported between instances of 'str' and 'int'
INFO:root:Crash Recoder Tool, an Innovation Kitchen Product developed by Kittelson and Associates, Inc. (KAI)
INFO:root:Contact: Azhagan (Azy) Avr  - aavr@kittelson.com
INFO:root:2024-07-04 15:25:45.981359
INFO:root:0.0s: Importing data translation table.....
INFO:root:0.48s: Creating party level data.....
INFO:root:0.52s: Creating new variables.....
ERROR:root:'>' not supported between instances of 'str' and 'int'
INFO:root:Crash Recoder Tool, an Innovation Kitchen Product developed by Kittelson and Associates, Inc. (KAI)
INFO:root:Contact: Azhagan (Azy) Avr  - aavr@kittelson.com
INFO:root:2024-07-04 15:25:51.744136
INFO:root:0.0s: Importing data translation table.....
INFO:root:0.55s: Creating party level data.....
INFO:root:0.59s: Creating new variables.....
ERROR:root:'>' not supported between instances of 'str' and 'int'
INFO:root:Crash Recoder Tool, an Innovation Kitchen Product developed by Kittelson and Associates, Inc. (KAI)
INFO:root:Contact: Azhagan (Azy) Avr  - aavr@kittelson.com
INFO:root:2024-07-04 15:26:11.803954
INFO:root:Crash Recoder Tool, an Innovation Kitchen Product developed by Kittelson and Associates, Inc. (KAI)
INFO:root:Contact: Azhagan (Azy) Avr  - aavr@kittelson.com
INFO:root:2024-07-04 15:26:13.444184
INFO:root:0.0s: Importing data translation table.....
INFO:root:0.45s: Creating party level data.....
INFO:root:0.52s: Creating new variables.....
ERROR:root:'>' not supported between instances of 'str' and 'int'
INFO:root:Crash Recoder Tool, an Innovation Kitchen Product developed by Kittelson and Associates, Inc. (KAI)
INFO:root:Contact: Azhagan (Azy) Avr  - aavr@kittelson.com
INFO:root:2024-07-04 15:26:31.239989
INFO:root:0.0s: Importing data translation table.....
INFO:root:0.45s: Creating party level data.....
INFO:root:0.5s: Creating new variables.....
ERROR:root:'>' not supported between instances of 'str' and 'int'
INFO:root:Crash Recoder Tool, an Innovation Kitchen Product developed by Kittelson and Associates, Inc. (KAI)
INFO:root:Contact: Azhagan (Azy) Avr  - aavr@kittelson.com
INFO:root:2024-07-04 15:26:47.820318
INFO:root:0.0s: Importing data translation table.....
INFO:root:0.42s: Creating party level data.....
INFO:root:0.45s: Creating new variables.....
ERROR:root:'>' not supported between instances of 'str' and 'int'
INFO:root:Crash Recoder Tool, an Innovation Kitchen Product developed by Kittelson and Associates, Inc. (KAI)
INFO:root:Contact: Azhagan (Azy) Avr  - aavr@kittelson.com
INFO:root:2024-07-04 15:27:21.593365
INFO:root:0.0s: Importing data translation table.....
INFO:root:0.45s: Creating party level data.....
INFO:root:0.49s: Creating new variables.....
ERROR:root:'>' not supported between instances of 'str' and 'int'
INFO:root:Crash Recoder Tool, an Innovation Kitchen Product developed by Kittelson and Associates, Inc. (KAI)
INFO:root:Contact: Azhagan (Azy) Avr  - aavr@kittelson.com
INFO:root:2024-07-04 15:27:31.141371
INFO:root:0.0s: Importing data translation table.....
INFO:root:0.43s: Creating party level data.....
INFO:root:0.47s: Creating new variables.....
ERROR:root:'>' not supported between instances of 'str' and 'int'
INFO:root:Crash Recoder Tool, an Innovation Kitchen Product developed by Kittelson and Associates, Inc. (KAI)
INFO:root:Contact: Azhagan (Azy) Avr  - aavr@kittelson.com
INFO:root:2024-07-04 15:29:01.805557
INFO:root:0.0s: Importing data translation table.....
INFO:root:0.43s: Creating party level data.....
INFO:root:0.46s: Creating new variables.....
ERROR:root:'>' not supported between instances of 'str' and 'int'
INFO:root:Crash Recoder Tool, an Innovation Kitchen Product developed by Kittelson and Associates, Inc. (KAI)
INFO:root:Contact: Azhagan (Azy) Avr  - aavr@kittelson.com
INFO:root:2024-07-04 15:29:23.653821
INFO:root:0.0s: Importing data translation table.....
INFO:root:0.41s: Creating party level data.....
INFO:root:0.44s: Creating new variables.....
ERROR:root:'>' not supported between instances of 'str' and 'int'
INFO:root:Crash Recoder Tool, an Innovation Kitchen Product developed by Kittelson and Associates, Inc. (KAI)
INFO:root:Contact: Azhagan (Azy) Avr  - aavr@kittelson.com
INFO:root:2024-07-04 15:48:56.383902
INFO:root:0.0s: Importing data translation table.....
INFO:root:0.4s: Creating party level data.....
INFO:root:0.44s: Creating new variables.....
ERROR:root:'>' not supported between instances of 'str' and 'int'
INFO:root:Crash Recoder Tool, an Innovation Kitchen Product developed by Kittelson and Associates, Inc. (KAI)
INFO:root:Contact: Azhagan (Azy) Avr  - aavr@kittelson.com
INFO:root:2024-07-04 15:52:57.004962
INFO:root:0.0s: Importing data translation table.....
INFO:root:0.45s: Creating party level data.....
INFO:root:0.51s: Creating new variables.....
ERROR:root:'>' not supported between instances of 'str' and 'int'
INFO:root:Crash Recoder Tool, an Innovation Kitchen Product developed by Kittelson and Associates, Inc. (KAI)
INFO:root:Contact: Azhagan (Azy) Avr  - aavr@kittelson.com
INFO:root:2024-07-04 15:53:06.938825
INFO:root:0.0s: Importing data translation table.....
INFO:root:0.4s: Creating party level data.....
INFO:root:0.44s: Creating new variables.....
ERROR:root:'>' not supported between instances of 'str' and 'int'
INFO:root:Crash Recoder Tool, an Innovation Kitchen Product developed by Kittelson and Associates, Inc. (KAI)
INFO:root:Contact: Azhagan (Azy) Avr  - aavr@kittelson.com
INFO:root:2024-07-04 15:53:27.499520
INFO:root:0.0s: Importing data translation table.....
INFO:root:0.4s: Creating party level data.....
INFO:root:0.44s: Creating new variables.....
ERROR:root:'>' not supported between instances of 'str' and 'int'
INFO:root:Crash Recoder Tool, an Innovation Kitchen Product developed by Kittelson and Associates, Inc. (KAI)
INFO:root:Contact: Azhagan (Azy) Avr  - aavr@kittelson.com
INFO:root:2024-07-04 15:53:40.785802
INFO:root:0.0s: Importing data translation table.....
INFO:root:0.42s: Creating party level data.....
INFO:root:0.46s: Creating new variables.....
ERROR:root:'>' not supported between instances of 'str' and 'int'
INFO:root:Crash Recoder Tool, an Innovation Kitchen Product developed by Kittelson and Associates, Inc. (KAI)
INFO:root:Contact: Azhagan (Azy) Avr  - aavr@kittelson.com
INFO:root:2024-07-04 15:53:54.042225
INFO:root:0.0s: Importing data translation table.....
INFO:root:0.48s: Creating party level data.....
INFO:root:0.52s: Creating new variables.....
ERROR:root:'>' not supported between instances of 'str' and 'int'
INFO:root:Crash Recoder Tool, an Innovation Kitchen Product developed by Kittelson and Associates, Inc. (KAI)
INFO:root:Contact: Azhagan (Azy) Avr  - aavr@kittelson.com
INFO:root:2024-07-04 15:54:00.675486
INFO:root:0.0s: Importing data translation table.....
INFO:root:0.39s: Creating party level data.....
INFO:root:0.42s: Creating new variables.....
ERROR:root:'>' not supported between instances of 'str' and 'int'
INFO:root:Crash Recoder Tool, an Innovation Kitchen Product developed by Kittelson and Associates, Inc. (KAI)
INFO:root:Contact: Azhagan (Azy) Avr  - aavr@kittelson.com
INFO:root:2024-07-04 15:54:17.005723
INFO:root:0.0s: Importing data translation table.....
INFO:root:0.41s: Creating party level data.....
INFO:root:0.46s: Creating new variables.....
ERROR:root:reduction operation 'argmin' not allowed for this dtype
INFO:root:Crash Recoder Tool, an Innovation Kitchen Product developed by Kittelson and Associates, Inc. (KAI)
INFO:root:Contact: Azhagan (Azy) Avr  - aavr@kittelson.com
INFO:root:2024-07-04 15:54:21.284034
INFO:root:0.0s: Importing data translation table.....
INFO:root:0.61s: Creating party level data.....
INFO:root:0.65s: Creating new variables.....
ERROR:root:reduction operation 'argmin' not allowed for this dtype
INFO:root:Crash Recoder Tool, an Innovation Kitchen Product developed by Kittelson and Associates, Inc. (KAI)
INFO:root:Contact: Azhagan (Azy) Avr  - aavr@kittelson.com
INFO:root:2024-07-04 15:54:41.279733
INFO:root:0.0s: Importing data translation table.....
INFO:root:0.43s: Creating party level data.....
INFO:root:0.47s: Creating new variables.....
ERROR:root:reduction operation 'argmin' not allowed for this dtype
INFO:root:Crash Recoder Tool, an Innovation Kitchen Product developed by Kittelson and Associates, Inc. (KAI)
INFO:root:Contact: Azhagan (Azy) Avr  - aavr@kittelson.com
INFO:root:2024-07-04 15:58:11.604030
INFO:root:0.0s: Importing data translation table.....
INFO:root:0.46s: Creating party level data.....
INFO:root:0.49s: Creating new variables.....
ERROR:root:reduction operation 'argmin' not allowed for this dtype
INFO:root:Crash Recoder Tool, an Innovation Kitchen Product developed by Kittelson and Associates, Inc. (KAI)
INFO:root:Contact: Azhagan (Azy) Avr  - aavr@kittelson.com
INFO:root:2024-07-04 16:00:58.102546
INFO:root:0.0s: Importing data translation table.....
INFO:root:0.47s: Creating party level data.....
INFO:root:0.51s: Creating new variables.....
ERROR:root:reduction operation 'argmin' not allowed for this dtype
INFO:root:Crash Recoder Tool, an Innovation Kitchen Product developed by Kittelson and Associates, Inc. (KAI)
INFO:root:Contact: Azhagan (Azy) Avr  - aavr@kittelson.com
INFO:root:2024-07-04 16:01:06.406190
INFO:root:0.0s: Importing data translation table.....
INFO:root:0.43s: Creating party level data.....
INFO:root:0.47s: Creating new variables.....
ERROR:root:reduction operation 'argmin' not allowed for this dtype
INFO:root:Crash Recoder Tool, an Innovation Kitchen Product developed by Kittelson and Associates, Inc. (KAI)
INFO:root:Contact: Azhagan (Azy) Avr  - aavr@kittelson.com
INFO:root:2024-07-04 16:01:26.535958
INFO:root:0.0s: Importing data translation table.....
INFO:root:0.45s: Creating party level data.....
INFO:root:0.48s: Creating new variables.....
ERROR:root:'Total Pedalcyclist CountAge'
INFO:root:Crash Recoder Tool, an Innovation Kitchen Product developed by Kittelson and Associates, Inc. (KAI)
INFO:root:Contact: Azhagan (Azy) Avr  - aavr@kittelson.com
INFO:root:2024-07-04 16:01:48.240308
INFO:root:0.0s: Importing data translation table.....
INFO:root:0.44s: Creating party level data.....
INFO:root:0.48s: Creating new variables.....
ERROR:root:'Total Pedalcyclist CountAge'
INFO:root:Crash Recoder Tool, an Innovation Kitchen Product developed by Kittelson and Associates, Inc. (KAI)
INFO:root:Contact: Azhagan (Azy) Avr  - aavr@kittelson.com
INFO:root:2024-07-04 16:02:13.221611
INFO:root:0.0s: Importing data translation table.....
INFO:root:0.42s: Creating party level data.....
INFO:root:0.46s: Creating new variables.....
ERROR:root:'Total Pedalcyclist Countmotrorcycle_fl'
INFO:root:Crash Recoder Tool, an Innovation Kitchen Product developed by Kittelson and Associates, Inc. (KAI)
INFO:root:Contact: Azhagan (Azy) Avr  - aavr@kittelson.com
INFO:root:2024-07-04 16:02:43.548694
INFO:root:0.0s: Importing data translation table.....
INFO:root:0.4s: Creating party level data.....
INFO:root:0.43s: Creating new variables.....
ERROR:root:'Total Pedalcyclist Countmotrorcycle_fl'
INFO:root:Crash Recoder Tool, an Innovation Kitchen Product developed by Kittelson and Associates, Inc. (KAI)
INFO:root:Contact: Azhagan (Azy) Avr  - aavr@kittelson.com
INFO:root:2024-07-04 16:03:04.399131
INFO:root:0.0s: Importing data translation table.....
INFO:root:0.41s: Creating party level data.....
INFO:root:0.44s: Creating new variables.....
ERROR:root:reduction operation 'argmin' not allowed for this dtype
INFO:root:Crash Recoder Tool, an Innovation Kitchen Product developed by Kittelson and Associates, Inc. (KAI)
INFO:root:Contact: Azhagan (Azy) Avr  - aavr@kittelson.com
INFO:root:2024-07-04 16:03:16.608820
INFO:root:0.0s: Importing data translation table.....
INFO:root:0.42s: Creating party level data.....
INFO:root:0.46s: Creating new variables.....
ERROR:root:reduction operation 'argmin' not allowed for this dtype
INFO:root:Crash Recoder Tool, an Innovation Kitchen Product developed by Kittelson and Associates, Inc. (KAI)
INFO:root:Contact: Azhagan (Azy) Avr  - aavr@kittelson.com
INFO:root:2024-07-04 16:03:23.733945
INFO:root:0.0s: Importing data translation table.....
INFO:root:0.4s: Creating party level data.....
INFO:root:0.43s: Creating new variables.....
ERROR:root:reduction operation 'argmin' not allowed for this dtype
INFO:root:Crash Recoder Tool, an Innovation Kitchen Product developed by Kittelson and Associates, Inc. (KAI)
INFO:root:Contact: Azhagan (Azy) Avr  - aavr@kittelson.com
INFO:root:2024-07-04 16:03:30.812708
INFO:root:0.0s: Importing data translation table.....
INFO:root:0.42s: Creating party level data.....
INFO:root:0.45s: Creating new variables.....
ERROR:root:reduction operation 'argmin' not allowed for this dtype
INFO:root:Crash Recoder Tool, an Innovation Kitchen Product developed by Kittelson and Associates, Inc. (KAI)
INFO:root:Contact: Azhagan (Azy) Avr  - aavr@kittelson.com
INFO:root:2024-07-04 16:03:59.832708
INFO:root:0.0s: Importing data translation table.....
INFO:root:0.48s: Creating party level data.....
INFO:root:0.5s: Creating new variables.....
ERROR:root:'Total Pedalcyclist CountAge'
INFO:root:Crash Recoder Tool, an Innovation Kitchen Product developed by Kittelson and Associates, Inc. (KAI)
INFO:root:Contact: Azhagan (Azy) Avr  - aavr@kittelson.com
INFO:root:2024-07-04 16:06:30.988650
INFO:root:0.0s: Importing data translation table.....
INFO:root:0.4s: Creating party level data.....
INFO:root:0.44s: Creating new variables.....
ERROR:root:'Total Pedalcyclist CountAge'
INFO:root:Crash Recoder Tool, an Innovation Kitchen Product developed by Kittelson and Associates, Inc. (KAI)
INFO:root:Contact: Azhagan (Azy) Avr  - aavr@kittelson.com
INFO:root:2024-07-04 16:07:03.821554
INFO:root:0.0s: Importing data translation table.....
INFO:root:0.41s: Creating party level data.....
INFO:root:0.44s: Creating new variables.....
ERROR:root:'Total Pedalcyclist CountAge'
INFO:root:Crash Recoder Tool, an Innovation Kitchen Product developed by Kittelson and Associates, Inc. (KAI)
INFO:root:Contact: Azhagan (Azy) Avr  - aavr@kittelson.com
INFO:root:2024-07-04 16:07:28.366191
INFO:root:0.0s: Importing data translation table.....
INFO:root:0.42s: Creating party level data.....
INFO:root:0.46s: Creating new variables.....
ERROR:root:'Total Pedalcyclist CountAge'
INFO:root:Crash Recoder Tool, an Innovation Kitchen Product developed by Kittelson and Associates, Inc. (KAI)
INFO:root:Contact: Azhagan (Azy) Avr  - aavr@kittelson.com
INFO:root:2024-07-04 16:08:27.401931
INFO:root:0.0s: Importing data translation table.....
INFO:root:0.42s: Creating party level data.....
INFO:root:0.46s: Creating new variables.....
ERROR:root:reduction operation 'argmin' not allowed for this dtype
INFO:root:Crash Recoder Tool, an Innovation Kitchen Product developed by Kittelson and Associates, Inc. (KAI)
INFO:root:Contact: Azhagan (Azy) Avr  - aavr@kittelson.com
INFO:root:2024-07-04 16:09:06.286486
INFO:root:0.0s: Importing data translation table.....
INFO:root:0.44s: Creating party level data.....
INFO:root:0.47s: Creating new variables.....
INFO:root:0.76s: Recoding complete.
INFO:root:Crash Recoder Tool, an Innovation Kitchen Product developed by Kittelson and Associates, Inc. (KAI)
INFO:root:Contact: Azhagan (Azy) Avr  - aavr@kittelson.com
INFO:root:2024-07-04 16:09:30.024486
INFO:root:0.0s: Importing data translation table.....
INFO:root:0.45s: Creating party level data.....
INFO:root:0.49s: Creating new variables.....
INFO:root:0.75s: Recoding complete.
INFO:root:Crash Recoder Tool, an Innovation Kitchen Product developed by Kittelson and Associates, Inc. (KAI)
INFO:root:Contact: Azhagan (Azy) Avr  - aavr@kittelson.com
INFO:root:2024-07-04 16:09:48.474620
INFO:root:0.0s: Importing data translation table.....
INFO:root:0.42s: Creating party level data.....
INFO:root:0.46s: Creating new variables.....
INFO:root:0.75s: Recoding complete.
INFO:root:Crash Recoder Tool, an Innovation Kitchen Product developed by Kittelson and Associates, Inc. (KAI)
INFO:root:Contact: Azhagan (Azy) Avr  - aavr@kittelson.com
INFO:root:2024-07-04 16:11:34.502013
INFO:root:0.0s: Importing data translation table.....
INFO:root:0.42s: Creating party level data.....
INFO:root:0.45s: Creating new variables.....
INFO:root:0.74s: Recoding complete.
INFO:root:Crash Recoder Tool, an Innovation Kitchen Product developed by Kittelson and Associates, Inc. (KAI)
INFO:root:Contact: Azhagan (Azy) Avr  - aavr@kittelson.com
INFO:root:2024-07-04 16:11:51.789743
INFO:root:0.0s: Importing data translation table.....
INFO:root:0.42s: Creating party level data.....
INFO:root:0.48s: Creating new variables.....
INFO:root:0.75s: Creating collision level data.....
INFO:root:Crash Recoder Tool, an Innovation Kitchen Product developed by Kittelson and Associates, Inc. (KAI)
INFO:root:Contact: Azhagan (Azy) Avr  - aavr@kittelson.com
INFO:root:2024-07-04 16:11:58.236597
INFO:root:0.0s: Importing data translation table.....
INFO:root:0.45s: Creating party level data.....
INFO:root:0.49s: Creating new variables.....
INFO:root:0.77s: Creating collision level data.....
INFO:root:Crash Recoder Tool, an Innovation Kitchen Product developed by Kittelson and Associates, Inc. (KAI)
INFO:root:Contact: Azhagan (Azy) Avr  - aavr@kittelson.com
INFO:root:2024-07-04 16:12:15.448701
INFO:root:0.0s: Importing data translation table.....
INFO:root:0.4s: Creating party level data.....
INFO:root:0.43s: Creating new variables.....
INFO:root:0.68s: Creating collision level data.....
INFO:root:Crash Recoder Tool, an Innovation Kitchen Product developed by Kittelson and Associates, Inc. (KAI)
INFO:root:Contact: Azhagan (Azy) Avr  - aavr@kittelson.com
INFO:root:2024-07-04 16:19:36.483647
INFO:root:0.0s: Importing data translation table.....
INFO:root:0.42s: Creating party level data.....
INFO:root:0.46s: Creating new variables.....
INFO:root:0.71s: Creating collision level data.....
INFO:root:Crash Recoder Tool, an Innovation Kitchen Product developed by Kittelson and Associates, Inc. (KAI)
INFO:root:Contact: Azhagan (Azy) Avr  - aavr@kittelson.com
INFO:root:2024-07-04 16:20:23.669072
INFO:root:0.0s: Importing data translation table.....
INFO:root:0.43s: Creating party level data.....
INFO:root:0.46s: Creating new variables.....
INFO:root:0.71s: Creating collision level data.....
ERROR:root:name 'path_out' is not defined
INFO:root:Crash Recoder Tool, an Innovation Kitchen Product developed by Kittelson and Associates, Inc. (KAI)
INFO:root:Contact: Azhagan (Azy) Avr  - aavr@kittelson.com
INFO:root:2024-07-04 16:20:44.502480
INFO:root:0.0s: Importing data translation table.....
INFO:root:0.4s: Creating party level data.....
INFO:root:0.44s: Creating new variables.....
INFO:root:0.68s: Creating collision level data.....
ERROR:root:name 'path_out' is not defined
INFO:root:Crash Recoder Tool, an Innovation Kitchen Product developed by Kittelson and Associates, Inc. (KAI)
INFO:root:Contact: Azhagan (Azy) Avr  - aavr@kittelson.com
INFO:root:2024-07-04 16:21:21.234750
INFO:root:0.0s: Importing data translation table.....
INFO:root:0.42s: Creating party level data.....
INFO:root:0.45s: Creating new variables.....
INFO:root:0.69s: Creating collision level data.....
INFO:root:0.95s: Recoding complete.
INFO:root:Crash Recoder Tool, an Innovation Kitchen Product developed by Kittelson and Associates, Inc. (KAI)
INFO:root:Contact: Azhagan (Azy) Avr  - aavr@kittelson.com
INFO:root:2024-07-04 16:21:45.225026
INFO:root:0.0s: Importing data translation table.....
INFO:root:0.46s: Creating party level data.....
INFO:root:0.49s: Creating new variables.....
INFO:root:0.82s: Creating collision level data.....
INFO:root:Crash Recoder Tool, an Innovation Kitchen Product developed by Kittelson and Associates, Inc. (KAI)
INFO:root:Contact: Azhagan (Azy) Avr  - aavr@kittelson.com
INFO:root:2024-07-04 16:21:55.067578
INFO:root:0.0s: Importing data translation table.....
INFO:root:0.42s: Creating party level data.....
INFO:root:0.46s: Creating new variables.....
INFO:root:0.72s: Creating collision level data.....
INFO:root:Crash Recoder Tool, an Innovation Kitchen Product developed by Kittelson and Associates, Inc. (KAI)
INFO:root:Contact: Azhagan (Azy) Avr  - aavr@kittelson.com
INFO:root:2024-07-04 16:22:03.932426
INFO:root:0.0s: Importing data translation table.....
INFO:root:0.42s: Creating party level data.....
INFO:root:0.45s: Creating new variables.....
INFO:root:0.7s: Creating collision level data.....
INFO:root:Crash Recoder Tool, an Innovation Kitchen Product developed by Kittelson and Associates, Inc. (KAI)
INFO:root:Contact: Azhagan (Azy) Avr  - aavr@kittelson.com
INFO:root:2024-07-04 16:22:15.427991
INFO:root:0.0s: Importing data translation table.....
INFO:root:0.4s: Creating party level data.....
INFO:root:0.44s: Creating new variables.....
INFO:root:0.68s: Creating collision level data.....
INFO:root:0.94s: Recoding complete.
INFO:root:Crash Recoder Tool, an Innovation Kitchen Product developed by Kittelson and Associates, Inc. (KAI)
INFO:root:Contact: Azhagan (Azy) Avr  - aavr@kittelson.com
INFO:root:2024-07-04 16:22:48.756411
INFO:root:0.0s: Importing data translation table.....
INFO:root:0.41s: Creating party level data.....
INFO:root:0.45s: Creating new variables.....
INFO:root:0.7s: Creating collision level data.....
INFO:root:0.93s: Exporting data to visualizer.....
INFO:root:0.93s: Recoding complete.
INFO:root:Crash Recoder Tool, an Innovation Kitchen Product developed by Kittelson and Associates, Inc. (KAI)
INFO:root:Contact: Azhagan (Azy) Avr  - aavr@kittelson.com
INFO:root:2024-07-04 16:23:07.952203
INFO:root:0.0s: Importing data translation table.....
INFO:root:0.42s: Creating party level data.....
INFO:root:0.46s: Creating new variables.....
INFO:root:0.76s: Creating collision level data.....
INFO:root:1.03s: Exporting data to visualizer.....
INFO:root:Crash Recoder Tool, an Innovation Kitchen Product developed by Kittelson and Associates, Inc. (KAI)
INFO:root:Contact: Azhagan (Azy) Avr  - aavr@kittelson.com
INFO:root:2024-07-04 16:23:15.715673
INFO:root:0.0s: Importing data translation table.....
INFO:root:0.43s: Creating party level data.....
INFO:root:0.46s: Creating new variables.....
INFO:root:0.71s: Creating collision level data.....
INFO:root:0.97s: Exporting data to visualizer.....
INFO:root:Crash Recoder Tool, an Innovation Kitchen Product developed by Kittelson and Associates, Inc. (KAI)
INFO:root:Contact: Azhagan (Azy) Avr  - aavr@kittelson.com
INFO:root:2024-07-04 16:23:30.519219
INFO:root:0.0s: Importing data translation table.....
INFO:root:0.45s: Creating party level data.....
INFO:root:0.49s: Creating new variables.....
INFO:root:0.73s: Creating collision level data.....
INFO:root:1.0s: Exporting data to visualizer.....
INFO:root:Crash Recoder Tool, an Innovation Kitchen Product developed by Kittelson and Associates, Inc. (KAI)
INFO:root:Contact: Azhagan (Azy) Avr  - aavr@kittelson.com
INFO:root:2024-07-04 16:23:37.486191
INFO:root:0.0s: Importing data translation table.....
INFO:root:0.43s: Creating party level data.....
INFO:root:0.46s: Creating new variables.....
INFO:root:0.7s: Creating collision level data.....
INFO:root:0.97s: Exporting data to visualizer.....
INFO:root:Crash Recoder Tool, an Innovation Kitchen Product developed by Kittelson and Associates, Inc. (KAI)
INFO:root:Contact: Azhagan (Azy) Avr  - aavr@kittelson.com
INFO:root:2024-07-04 16:33:16.000897
INFO:root:0.0s: Importing data translation table.....
INFO:root:0.41s: Creating party level data.....
INFO:root:0.45s: Creating new variables.....
INFO:root:0.69s: Creating collision level data.....
INFO:root:0.96s: Exporting data to visualizer.....
INFO:root:Crash Recoder Tool, an Innovation Kitchen Product developed by Kittelson and Associates, Inc. (KAI)
INFO:root:Contact: Azhagan (Azy) Avr  - aavr@kittelson.com
INFO:root:2024-07-04 16:33:35.801093
INFO:root:0.0s: Importing data translation table.....
INFO:root:0.44s: Creating party level data.....
INFO:root:0.48s: Creating new variables.....
INFO:root:0.74s: Creating collision level data.....
INFO:root:1.0s: Exporting data to visualizer.....
ERROR:root:name 'output_dir' is not defined
INFO:root:Crash Recoder Tool, an Innovation Kitchen Product developed by Kittelson and Associates, Inc. (KAI)
INFO:root:Contact: Azhagan (Azy) Avr  - aavr@kittelson.com
INFO:root:2024-07-04 16:40:38.005043
INFO:root:0.0s: Importing data translation table.....
INFO:root:0.61s: Creating party level data.....
INFO:root:0.66s: Creating new variables.....
INFO:root:0.9s: Creating collision level data.....
INFO:root:1.15s: Exporting data to visualizer.....
ERROR:root:name 'output_dir' is not defined
INFO:root:Crash Recoder Tool, an Innovation Kitchen Product developed by Kittelson and Associates, Inc. (KAI)
INFO:root:Contact: Azhagan (Azy) Avr  - aavr@kittelson.com
INFO:root:2024-07-04 16:43:50.904026
INFO:root:0.0s: Importing data translation table.....
INFO:root:0.45s: Creating party level data.....
INFO:root:0.48s: Creating new variables.....
INFO:root:0.76s: Creating collision level data.....
INFO:root:1.06s: Exporting data to visualizer.....
INFO:root:1.06s: Recoding complete.
INFO:root:Crash Recoder Tool, an Innovation Kitchen Product developed by Kittelson and Associates, Inc. (KAI)
INFO:root:Contact: Azhagan (Azy) Avr  - aavr@kittelson.com
INFO:root:2024-07-04 16:47:04.444989
INFO:root:0.0s: Importing data translation table.....
INFO:root:0.47s: Creating party level data.....
INFO:root:0.5s: Creating new variables.....
INFO:root:0.78s: Creating collision level data.....
INFO:root:1.06s: Exporting data to visualizer.....
INFO:root:Crash Recoder Tool, an Innovation Kitchen Product developed by Kittelson and Associates, Inc. (KAI)
INFO:root:Contact: Azhagan (Azy) Avr  - aavr@kittelson.com
INFO:root:2024-07-04 16:47:18.918878
INFO:root:0.0s: Importing data translation table.....
INFO:root:0.42s: Creating party level data.....
INFO:root:0.45s: Creating new variables.....
INFO:root:0.67s: Creating collision level data.....
INFO:root:0.89s: Exporting data to visualizer.....
ERROR:root:name 'output_dir' is not defined
INFO:root:Crash Recoder Tool, an Innovation Kitchen Product developed by Kittelson and Associates, Inc. (KAI)
INFO:root:Contact: Azhagan (Azy) Avr  - aavr@kittelson.com
INFO:root:2024-07-04 16:47:56.153801
INFO:root:0.0s: Importing data translation table.....
INFO:root:0.44s: Creating party level data.....
INFO:root:0.47s: Creating new variables.....
INFO:root:0.71s: Creating collision level data.....
INFO:root:0.96s: Exporting data to visualizer.....
ERROR:root:name 'output_dir' is not defined
INFO:root:Crash Recoder Tool, an Innovation Kitchen Product developed by Kittelson and Associates, Inc. (KAI)
INFO:root:Contact: Azhagan (Azy) Avr  - aavr@kittelson.com
INFO:root:2024-07-04 16:48:15.531650
INFO:root:0.0s: Importing data translation table.....
INFO:root:0.42s: Creating party level data.....
INFO:root:0.49s: Creating new variables.....
INFO:root:0.73s: Creating collision level data.....
INFO:root:0.98s: Exporting data to visualizer.....
ERROR:root:name 'output_dir' is not defined
INFO:root:Crash Recoder Tool, an Innovation Kitchen Product developed by Kittelson and Associates, Inc. (KAI)
INFO:root:Contact: Azhagan (Azy) Avr  - aavr@kittelson.com
INFO:root:2024-07-04 16:48:34.468423
INFO:root:0.0s: Importing data translation table.....
INFO:root:0.41s: Creating party level data.....
INFO:root:0.45s: Creating new variables.....
INFO:root:0.71s: Creating collision level data.....
INFO:root:0.96s: Exporting data to visualizer.....
ERROR:root:name 'output_dir' is not defined
INFO:root:Crash Recoder Tool, an Innovation Kitchen Product developed by Kittelson and Associates, Inc. (KAI)
INFO:root:Contact: Azhagan (Azy) Avr  - aavr@kittelson.com
INFO:root:2024-07-04 16:48:59.789569
INFO:root:0.0s: Importing data translation table.....
INFO:root:0.52s: Creating party level data.....
INFO:root:0.55s: Creating new variables.....
INFO:root:0.81s: Creating collision level data.....
INFO:root:1.08s: Exporting data to visualizer.....
INFO:root:Crash Recoder Tool, an Innovation Kitchen Product developed by Kittelson and Associates, Inc. (KAI)
INFO:root:Contact: Azhagan (Azy) Avr  - aavr@kittelson.com
INFO:root:2024-07-04 16:49:06.700052
INFO:root:0.0s: Importing data translation table.....
INFO:root:0.43s: Creating party level data.....
INFO:root:0.47s: Creating new variables.....
INFO:root:0.72s: Creating collision level data.....
INFO:root:1.01s: Exporting data to visualizer.....
ERROR:root:name 'output_dir' is not defined
INFO:root:Crash Recoder Tool, an Innovation Kitchen Product developed by Kittelson and Associates, Inc. (KAI)
INFO:root:Contact: Azhagan (Azy) Avr  - aavr@kittelson.com
INFO:root:2024-07-04 16:50:35.958720
INFO:root:0.0s: Importing data translation table.....
INFO:root:0.47s: Creating party level data.....
INFO:root:0.5s: Creating new variables.....
INFO:root:0.74s: Creating collision level data.....
INFO:root:0.97s: Exporting data to visualizer.....
INFO:root:There may be a duplicate in one or more Input tabs, delete the old tab(s) and rename the new one, to the same name as the old tab. However output file will be created....
INFO:root:2.74s: Recoding complete.
INFO:root:Crash Recoder Tool, an Innovation Kitchen Product developed by Kittelson and Associates, Inc. (KAI)
INFO:root:Contact: Azhagan (Azy) Avr  - aavr@kittelson.com
INFO:root:2024-07-04 16:50:54.358470
INFO:root:0.0s: Importing data translation table.....
INFO:root:0.44s: Creating party level data.....
INFO:root:0.48s: Creating new variables.....
INFO:root:0.75s: Creating collision level data.....
INFO:root:1.01s: Exporting data to visualizer.....
INFO:root:There may be a duplicate in one or more Input tabs, delete the old tab(s) and rename the new one, to the same name as the old tab. However output file will be created....
INFO:root:2.81s: Recoding complete.
INFO:root:Crash Recoder Tool, an Innovation Kitchen Product developed by Kittelson and Associates, Inc. (KAI)
INFO:root:Contact: Azhagan (Azy) Avr  - aavr@kittelson.com
INFO:root:2024-07-04 16:51:27.504130
INFO:root:0.0s: Importing data translation table.....
INFO:root:0.47s: Creating party level data.....
INFO:root:0.5s: Creating new variables.....
INFO:root:0.75s: Creating collision level data.....
INFO:root:1.0s: Exporting data to visualizer.....
INFO:root:There may be a duplicate in one or more Input tabs, delete the old tab(s) and rename the new one, to the same name as the old tab. However output file will be created....
INFO:root:2.76s: Recoding complete.
INFO:root:Crash Recoder Tool, an Innovation Kitchen Product developed by Kittelson and Associates, Inc. (KAI)
INFO:root:Contact: Azhagan (Azy) Avr  - aavr@kittelson.com
INFO:root:2024-07-04 16:51:37.555406
INFO:root:0.0s: Importing data translation table.....
INFO:root:0.42s: Creating party level data.....
INFO:root:0.46s: Creating new variables.....
INFO:root:0.69s: Creating collision level data.....
INFO:root:0.95s: Exporting data to visualizer.....
INFO:root:There may be a duplicate in one or more Input tabs, delete the old tab(s) and rename the new one, to the same name as the old tab. However output file will be created....
INFO:root:2.57s: Recoding complete.
INFO:root:Crash Recoder Tool, an Innovation Kitchen Product developed by Kittelson and Associates, Inc. (KAI)
INFO:root:Contact: Azhagan (Azy) Avr  - aavr@kittelson.com
INFO:root:2024-07-04 16:51:51.823453
INFO:root:0.0s: Importing data translation table.....
INFO:root:0.41s: Creating party level data.....
INFO:root:0.46s: Creating new variables.....
INFO:root:0.74s: Creating collision level data.....
INFO:root:1.01s: Exporting data to visualizer.....
INFO:root:There may be a duplicate in one or more Input tabs, delete the old tab(s) and rename the new one, to the same name as the old tab. However output file will be created....
INFO:root:2.78s: Recoding complete.
INFO:root:Crash Recoder Tool, an Innovation Kitchen Product developed by Kittelson and Associates, Inc. (KAI)
INFO:root:Contact: Azhagan (Azy) Avr  - aavr@kittelson.com
INFO:root:2024-07-04 16:52:09.475246
INFO:root:0.0s: Importing data translation table.....
INFO:root:0.46s: Creating party level data.....
INFO:root:0.49s: Creating new variables.....
INFO:root:0.73s: Creating collision level data.....
INFO:root:0.99s: Exporting data to visualizer.....
INFO:root:2.67s: Recoding complete.
INFO:root:Crash Recoder Tool, an Innovation Kitchen Product developed by Kittelson and Associates, Inc. (KAI)
INFO:root:Contact: Azhagan (Azy) Avr  - aavr@kittelson.com
INFO:root:2024-07-04 16:52:43.683756
INFO:root:0.0s: Importing data translation table.....
INFO:root:0.43s: Creating party level data.....
INFO:root:0.46s: Creating new variables.....
INFO:root:0.72s: Creating collision level data.....
INFO:root:0.96s: Exporting data to visualizer.....
ERROR:root:I/O operation on closed file.
INFO:root:Crash Recoder Tool, an Innovation Kitchen Product developed by Kittelson and Associates, Inc. (KAI)
INFO:root:Contact: Azhagan (Azy) Avr  - aavr@kittelson.com
INFO:root:2024-07-04 16:53:05.021670
INFO:root:0.0s: Importing data translation table.....
INFO:root:0.51s: Creating party level data.....
INFO:root:0.55s: Creating new variables.....
INFO:root:1.02s: Creating collision level data.....
INFO:root:1.27s: Exporting data to visualizer.....
INFO:root:3.04s: Recoding complete.
INFO:root:Crash Recoder Tool, an Innovation Kitchen Product developed by Kittelson and Associates, Inc. (KAI)
INFO:root:Contact: Azhagan (Azy) Avr  - aavr@kittelson.com
INFO:root:2024-07-04 16:53:12.165794
INFO:root:0.0s: Importing data translation table.....
INFO:root:0.42s: Creating party level data.....
INFO:root:0.45s: Creating new variables.....
INFO:root:0.7s: Creating collision level data.....
INFO:root:0.94s: Exporting data to visualizer.....
INFO:root:2.56s: Recoding complete.
INFO:root:Crash Recoder Tool, an Innovation Kitchen Product developed by Kittelson and Associates, Inc. (KAI)
INFO:root:Contact: Azhagan (Azy) Avr  - aavr@kittelson.com
INFO:root:2024-07-04 16:54:20.728942
INFO:root:0.0s: Importing data translation table.....
INFO:root:0.43s: Creating party level data.....
INFO:root:0.47s: Creating new variables.....
INFO:root:0.71s: Creating collision level data.....
INFO:root:0.94s: Exporting data to visualizer.....
INFO:root:2.56s: Recoding complete.
INFO:root:Crash Recoder Tool, an Innovation Kitchen Product developed by Kittelson and Associates, Inc. (KAI)
INFO:root:Contact: Azhagan (Azy) Avr  - aavr@kittelson.com
INFO:root:2024-07-04 16:58:52.983324
INFO:root:0.0s: Importing data translation table.....
INFO:root:0.44s: Creating party level data.....
INFO:root:0.48s: Creating new variables.....
INFO:root:0.75s: Creating collision level data.....
INFO:root:1.0s: Exporting data to visualizer.....
INFO:root:2.8s: Recoding complete.
INFO:root:Crash Recoder Tool, an Innovation Kitchen Product developed by Kittelson and Associates, Inc. (KAI)
INFO:root:Contact: Azhagan (Azy) Avr  - aavr@kittelson.com
INFO:root:2024-07-04 16:59:06.036211
INFO:root:0.0s: Importing data translation table.....
INFO:root:0.43s: Creating party level data.....
INFO:root:0.46s: Creating new variables.....
INFO:root:0.71s: Creating collision level data.....
INFO:root:0.97s: Exporting data to visualizer.....
INFO:root:2.62s: Recoding complete.
INFO:root:Crash Recoder Tool, an Innovation Kitchen Product developed by Kittelson and Associates, Inc. (KAI)
INFO:root:Contact: Azhagan (Azy) Avr  - aavr@kittelson.com
INFO:root:2024-07-04 16:59:19.016773
INFO:root:0.0s: Importing data translation table.....
INFO:root:0.43s: Creating party level data.....
INFO:root:0.46s: Creating new variables.....
INFO:root:0.68s: Creating collision level data.....
INFO:root:0.96s: Exporting data to visualizer.....
INFO:root:2.82s: Recoding complete.
INFO:root:Crash Recoder Tool, an Innovation Kitchen Product developed by Kittelson and Associates, Inc. (KAI)
INFO:root:Contact: Azhagan (Azy) Avr  - aavr@kittelson.com
INFO:root:2024-07-04 16:59:28.491139
INFO:root:0.0s: Importing data translation table.....
INFO:root:0.41s: Creating party level data.....
INFO:root:0.44s: Creating new variables.....
INFO:root:0.69s: Creating collision level data.....
INFO:root:1.02s: Exporting data to visualizer.....
INFO:root:2.73s: Recoding complete.
INFO:root:Crash Recoder Tool, an Innovation Kitchen Product developed by Kittelson and Associates, Inc. (KAI)
INFO:root:Contact: Azhagan (Azy) Avr  - aavr@kittelson.com
INFO:root:2024-07-04 17:03:26.581826
INFO:root:0.0s: Importing data translation table.....
INFO:root:0.48s: Creating party level data.....
INFO:root:0.52s: Creating new variables.....
INFO:root:0.8s: Creating collision level data.....
INFO:root:1.07s: Exporting data to visualizer.....
INFO:root:Crash Recoder Tool, an Innovation Kitchen Product developed by Kittelson and Associates, Inc. (KAI)
INFO:root:Contact: Azhagan (Azy) Avr  - aavr@kittelson.com
INFO:root:2024-07-04 17:04:18.009049
INFO:root:0.0s: Importing data translation table.....
INFO:root:0.42s: Creating party level data.....
INFO:root:0.45s: Creating new variables.....
INFO:root:0.68s: Creating collision level data.....
INFO:root:0.92s: Exporting data to visualizer.....
INFO:root:2.51s: Recoding complete.
INFO:root:Crash Recoder Tool, an Innovation Kitchen Product developed by Kittelson and Associates, Inc. (KAI)
INFO:root:Contact: Azhagan (Azy) Avr  - aavr@kittelson.com
INFO:root:2024-07-04 17:05:47.499298
INFO:root:0.0s: Importing data translation table.....
INFO:root:0.43s: Creating party level data.....
INFO:root:0.47s: Creating new variables.....
INFO:root:0.72s: Creating collision level data.....
INFO:root:0.96s: Exporting data to visualizer.....
INFO:root:2.66s: Recoding complete.
INFO:root:Crash Recoder Tool, an Innovation Kitchen Product developed by Kittelson and Associates, Inc. (KAI)
INFO:root:Contact: Azhagan (Azy) Avr  - aavr@kittelson.com
INFO:root:2024-07-04 17:06:05.457373
INFO:root:0.0s: Importing data translation table.....
INFO:root:0.49s: Creating party level data.....
INFO:root:0.55s: Creating new variables.....
INFO:root:0.8s: Creating collision level data.....
INFO:root:1.06s: Exporting data to visualizer.....
INFO:root:2.66s: Recoding complete.
INFO:root:Crash Recoder Tool, an Innovation Kitchen Product developed by Kittelson and Associates, Inc. (KAI)
INFO:root:Contact: Azhagan (Azy) Avr  - aavr@kittelson.com
INFO:root:2024-07-04 17:07:00.052101
INFO:root:0.0s: Importing data translation table.....
INFO:root:0.43s: Creating party level data.....
INFO:root:0.48s: Creating new variables.....
INFO:root:0.76s: Creating collision level data.....
INFO:root:1.02s: Exporting data to visualizer.....
INFO:root:2.72s: Recoding complete.
INFO:root:Crash Recoder Tool, an Innovation Kitchen Product developed by Kittelson and Associates, Inc. (KAI)
INFO:root:Contact: Azhagan (Azy) Avr  - aavr@kittelson.com
INFO:root:2024-07-04 17:07:09.199238
INFO:root:0.0s: Importing data translation table.....
INFO:root:0.42s: Creating party level data.....
INFO:root:0.46s: Creating new variables.....
INFO:root:0.73s: Creating collision level data.....
INFO:root:0.98s: Exporting data to visualizer.....
INFO:root:2.57s: Recoding complete.
INFO:root:Crash Recoder Tool, an Innovation Kitchen Product developed by Kittelson and Associates, Inc. (KAI)
INFO:root:Contact: Azhagan (Azy) Avr  - aavr@kittelson.com
INFO:root:2024-07-04 17:07:31.052950
INFO:root:Crash Recoder Tool, an Innovation Kitchen Product developed by Kittelson and Associates, Inc. (KAI)
INFO:root:Contact: Azhagan (Azy) Avr  - aavr@kittelson.com
INFO:root:2024-07-04 17:07:32.710107
INFO:root:0.0s: Importing data translation table.....
INFO:root:0.5s: Creating party level data.....
INFO:root:0.57s: Creating new variables.....
INFO:root:0.8s: Creating collision level data.....
INFO:root:1.06s: Exporting data to visualizer.....
INFO:root:2.76s: Recoding complete.
INFO:root:Crash Recoder Tool, an Innovation Kitchen Product developed by Kittelson and Associates, Inc. (KAI)
INFO:root:Contact: Azhagan (Azy) Avr  - aavr@kittelson.com
INFO:root:2024-07-04 17:09:27.440737
INFO:root:0.0s: Importing data translation table.....
INFO:root:0.45s: Creating party level data.....
INFO:root:0.48s: Creating new variables.....
INFO:root:0.76s: Creating collision level data.....
INFO:root:1.03s: Exporting data to visualizer.....
INFO:root:2.73s: Recoding complete.
INFO:root:Crash Recoder Tool, an Innovation Kitchen Product developed by Kittelson and Associates, Inc. (KAI)
INFO:root:Contact: Azhagan (Azy) Avr  - aavr@kittelson.com
INFO:root:2024-07-04 17:09:55.083623
INFO:root:0.0s: Importing data translation table.....
INFO:root:0.52s: Creating party level data.....
INFO:root:0.57s: Creating new variables.....
INFO:root:0.85s: Creating collision level data.....
INFO:root:1.13s: Exporting data to visualizer.....
INFO:root:3.11s: Recoding complete.
INFO:root:Crash Recoder Tool, an Innovation Kitchen Product developed by Kittelson and Associates, Inc. (KAI)
INFO:root:Contact: Azhagan (Azy) Avr  - aavr@kittelson.com
INFO:root:2024-07-04 17:10:41.351521
INFO:root:0.0s: Importing data translation table.....
INFO:root:0.44s: Creating party level data.....
INFO:root:0.48s: Creating new variables.....
INFO:root:0.74s: Creating collision level data.....
INFO:root:0.97s: Exporting data to visualizer.....
INFO:root:2.63s: Recoding complete.
INFO:root:Crash Recoder Tool, an Innovation Kitchen Product developed by Kittelson and Associates, Inc. (KAI)
INFO:root:Contact: Azhagan (Azy) Avr  - aavr@kittelson.com
INFO:root:2024-07-04 17:11:00.777884
INFO:root:0.0s: Importing data translation table.....
INFO:root:0.49s: Creating party level data.....
INFO:root:0.58s: Creating new variables.....
INFO:root:0.85s: Creating collision level data.....
INFO:root:1.14s: Exporting data to visualizer.....
INFO:root:2.86s: Recoding complete.
INFO:root:Crash Recoder Tool, an Innovation Kitchen Product developed by Kittelson and Associates, Inc. (KAI)
INFO:root:Contact: Azhagan (Azy) Avr  - aavr@kittelson.com
INFO:root:2024-07-04 17:11:53.607214
INFO:root:0.0s: Importing data translation table.....
INFO:root:0.6s: Creating party level data.....
INFO:root:0.65s: Creating new variables.....
INFO:root:0.94s: Creating collision level data.....
INFO:root:1.18s: Exporting data to visualizer.....
INFO:root:2.98s: Recoding complete.
INFO:root:Crash Recoder Tool, an Innovation Kitchen Product developed by Kittelson and Associates, Inc. (KAI)
INFO:root:Contact: Azhagan (Azy) Avr  - aavr@kittelson.com
INFO:root:2024-07-04 17:12:01.698665
INFO:root:0.0s: Importing data translation table.....
INFO:root:0.44s: Creating party level data.....
INFO:root:0.47s: Creating new variables.....
INFO:root:0.74s: Creating collision level data.....
INFO:root:0.99s: Exporting data to visualizer.....
INFO:root:2.69s: Recoding complete.
INFO:root:Crash Recoder Tool, an Innovation Kitchen Product developed by Kittelson and Associates, Inc. (KAI)
INFO:root:Contact: Azhagan (Azy) Avr  - aavr@kittelson.com
INFO:root:2024-07-05 13:17:48.456242
INFO:root:Crash Recoder Tool, an Innovation Kitchen Product developed by Kittelson and Associates, Inc. (KAI)
INFO:root:Contact: Azhagan (Azy) Avr  - aavr@kittelson.com
INFO:root:2024-07-05 13:21:08.861208
INFO:root:Crash Recoder Tool, an Innovation Kitchen Product developed by Kittelson and Associates, Inc. (KAI)
INFO:root:Contact: Azhagan (Azy) Avr  - aavr@kittelson.com
INFO:root:2024-07-05 13:21:15.998214
INFO:root:Crash Recoder Tool, an Innovation Kitchen Product developed by Kittelson and Associates, Inc. (KAI)
INFO:root:Contact: Azhagan (Azy) Avr  - aavr@kittelson.com
INFO:root:2024-07-05 13:25:50.148164
INFO:root:Crash Recoder Tool, an Innovation Kitchen Product developed by Kittelson and Associates, Inc. (KAI)
INFO:root:Contact: Azhagan (Azy) Avr  - aavr@kittelson.com
INFO:root:2024-07-05 13:25:54.581762
INFO:root:Crash Recoder Tool, an Innovation Kitchen Product developed by Kittelson and Associates, Inc. (KAI)
INFO:root:Contact: Azhagan (Azy) Avr  - aavr@kittelson.com
INFO:root:2024-07-05 13:25:59.645515
