INFO:root:Crash Recoder Tool, an Innovation Kitchen Product developed by Kittelson and Associates, Inc. (KAI)
INFO:root:Contact: Azhagan (Azy) Avr  - aavr@kittelson.com
INFO:root:2024-07-03 12:32:45.522398
INFO:root:0.0s: Combining multiple files.....
INFO:root:['D:\\Kittelson\\Scripts\\Crash Recoder\\Github backup\\00-Input\\29019\\11 - 3rd St & Irvine St.txt', 'D:\\Kittelson\\Scripts\\Crash Recoder\\Github backup\\00-Input\\29019\\12 - 3rd St & Johnson St.txt', 'D:\\Kittelson\\Scripts\\Crash Recoder\\Github backup\\00-Input\\29019\\3rd Street_2017-2021.txt', 'D:\\Kittelson\\Scripts\\Crash Recoder\\Github backup\\00-Input\\29019\\4 - 3rd St & Adams St.txt', 'D:\\Kittelson\\Scripts\\Crash Recoder\\Github backup\\00-Input\\29019\\5 - 3rd St & Baker St.txt', 'D:\\Kittelson\\Scripts\\Crash Recoder\\Github backup\\00-Input\\29019\\6 - 3rd St & Cowls St.txt', 'D:\\Kittelson\\Scripts\\Crash Recoder\\Github backup\\00-Input\\29019\\8 - 3rd St & Evans St.txt', 'D:\\Kittelson\\Scripts\\Crash Recoder\\Github backup\\00-Input\\29019\\9 - 3rd St & Ford St.txt', 'D:\\Kittelson\\Scripts\\Crash Recoder\\Github backup\\00-Input\\29019\\Adams St_2017-2021.txt', 'D:\\Kittelson\\Scripts\\Crash Recoder\\Github backup\\00-Input\\29019\\Evans St_2017-2021.txt']
INFO:root:0.1s: Importing data translation table.....
INFO:root:5.84s: Creating party level data.....
INFO:root:5.87s: Creating new variables.....
INFO:root:6.24s: Creating collision level data.....
INFO:root:6.52s: Exporting data to visualizer.....
INFO:root:There may be a duplicate in one or more Input tabs, delete the old tab(s) and rename the new one, to the same name as the old tab. However output file will be created....
INFO:root:15.42s: Recoding complete.
INFO:root:Crash Recoder Tool, an Innovation Kitchen Product developed by Kittelson and Associates, Inc. (KAI)
INFO:root:Contact: Azhagan (Azy) Avr  - aavr@kittelson.com
INFO:root:2024-07-03 12:38:56.714934
INFO:root:D:\Kittelson\Scripts\Crash Recoder\Github backup\01-Output\
INFO:root:0.0s: Combining multiple files.....
INFO:root:['D:\\Kittelson\\Scripts\\Crash Recoder\\Github backup\\00-Input\\29019\\11 - 3rd St & Irvine St.txt', 'D:\\Kittelson\\Scripts\\Crash Recoder\\Github backup\\00-Input\\29019\\12 - 3rd St & Johnson St.txt', 'D:\\Kittelson\\Scripts\\Crash Recoder\\Github backup\\00-Input\\29019\\3rd Street_2017-2021.txt', 'D:\\Kittelson\\Scripts\\Crash Recoder\\Github backup\\00-Input\\29019\\4 - 3rd St & Adams St.txt', 'D:\\Kittelson\\Scripts\\Crash Recoder\\Github backup\\00-Input\\29019\\5 - 3rd St & Baker St.txt', 'D:\\Kittelson\\Scripts\\Crash Recoder\\Github backup\\00-Input\\29019\\6 - 3rd St & Cowls St.txt', 'D:\\Kittelson\\Scripts\\Crash Recoder\\Github backup\\00-Input\\29019\\8 - 3rd St & Evans St.txt', 'D:\\Kittelson\\Scripts\\Crash Recoder\\Github backup\\00-Input\\29019\\9 - 3rd St & Ford St.txt', 'D:\\Kittelson\\Scripts\\Crash Recoder\\Github backup\\00-Input\\29019\\Adams St_2017-2021.txt', 'D:\\Kittelson\\Scripts\\Crash Recoder\\Github backup\\00-Input\\29019\\Evans St_2017-2021.txt']
INFO:root:0.05s: Importing data translation table.....
INFO:root:5.37s: Creating party level data.....
INFO:root:5.4s: Creating new variables.....
INFO:root:5.75s: Creating collision level data.....
INFO:root:6.02s: Exporting data to visualizer.....
INFO:root:There may be a duplicate in one or more Input tabs, delete the old tab(s) and rename the new one, to the same name as the old tab. However output file will be created....
INFO:root:13.24s: Recoding complete.
INFO:root:Crash Recoder Tool, an Innovation Kitchen Product developed by Kittelson and Associates, Inc. (KAI)
INFO:root:Contact: Azhagan (Azy) Avr  - aavr@kittelson.com
INFO:root:2024-07-03 12:41:03.147910
ERROR:root:unsupported operand type(s) for +: 'NoneType' and 'str'
INFO:root:Crash Recoder Tool, an Innovation Kitchen Product developed by Kittelson and Associates, Inc. (KAI)
INFO:root:Contact: Azhagan (Azy) Avr  - aavr@kittelson.com
INFO:root:2024-07-03 12:41:21.114428
ERROR:root:unsupported operand type(s) for +: 'NoneType' and 'str'
